{"c:\\Users\\li\\Documents\\GitHub\\Asteroids\\test\\test.js":{"path":"c:\\Users\\li\\Documents\\GitHub\\Asteroids\\test\\test.js","s":{"1":1,"2":1,"3":1,"4":1,"5":1,"6":0,"7":0,"8":0,"9":0,"10":0,"11":0,"12":0,"13":0,"14":0,"15":0,"16":0,"17":0,"18":0,"19":0,"20":0,"21":0,"22":0,"23":0,"24":0,"25":0,"26":0,"27":0,"28":0,"29":0,"30":0,"31":0,"32":0,"33":0,"34":0,"35":0,"36":0,"37":0,"38":0,"39":0,"40":0,"41":0,"42":0,"43":0,"44":0,"45":0,"46":0,"47":0,"48":0,"49":0,"50":0,"51":0,"52":0,"53":0,"54":0,"55":0,"56":0,"57":0,"58":0,"59":0,"60":0,"61":0,"62":0,"63":0},"b":{},"f":{"1":0,"2":0,"3":0,"4":0,"5":0,"6":0,"7":0,"8":0,"9":0,"10":0,"11":0,"12":0,"13":0,"14":0,"15":0,"16":0,"17":0,"18":0,"19":0,"20":0,"21":0,"22":0,"23":0,"24":0,"25":0,"26":0,"27":0,"28":0},"fnMap":{"1":{"name":"(anonymous_1)","line":7,"loc":{"start":{"line":7,"column":53},"end":{"line":7,"column":65}}},"2":{"name":"(anonymous_2)","line":8,"loc":{"start":{"line":8,"column":45},"end":{"line":8,"column":57}}},"3":{"name":"(anonymous_3)","line":9,"loc":{"start":{"line":9,"column":33},"end":{"line":9,"column":45}}},"4":{"name":"(anonymous_4)","line":15,"loc":{"start":{"line":15,"column":45},"end":{"line":15,"column":57}}},"5":{"name":"(anonymous_5)","line":16,"loc":{"start":{"line":16,"column":33},"end":{"line":16,"column":45}}},"6":{"name":"(anonymous_6)","line":21,"loc":{"start":{"line":21,"column":63},"end":{"line":21,"column":75}}},"7":{"name":"(anonymous_7)","line":22,"loc":{"start":{"line":22,"column":34},"end":{"line":22,"column":46}}},"8":{"name":"(anonymous_8)","line":26,"loc":{"start":{"line":26,"column":31},"end":{"line":26,"column":43}}},"9":{"name":"(anonymous_9)","line":30,"loc":{"start":{"line":30,"column":32},"end":{"line":30,"column":44}}},"10":{"name":"(anonymous_10)","line":34,"loc":{"start":{"line":34,"column":33},"end":{"line":34,"column":45}}},"11":{"name":"(anonymous_11)","line":39,"loc":{"start":{"line":39,"column":68},"end":{"line":39,"column":80}}},"12":{"name":"(anonymous_12)","line":40,"loc":{"start":{"line":40,"column":48},"end":{"line":40,"column":60}}},"13":{"name":"(anonymous_13)","line":45,"loc":{"start":{"line":45,"column":48},"end":{"line":45,"column":60}}},"14":{"name":"(anonymous_14)","line":52,"loc":{"start":{"line":52,"column":73},"end":{"line":52,"column":85}}},"15":{"name":"(anonymous_15)","line":53,"loc":{"start":{"line":53,"column":41},"end":{"line":53,"column":53}}},"16":{"name":"(anonymous_16)","line":58,"loc":{"start":{"line":58,"column":48},"end":{"line":58,"column":60}}},"17":{"name":"(anonymous_17)","line":63,"loc":{"start":{"line":63,"column":41},"end":{"line":63,"column":53}}},"18":{"name":"(anonymous_18)","line":69,"loc":{"start":{"line":69,"column":48},"end":{"line":69,"column":60}}},"19":{"name":"(anonymous_19)","line":77,"loc":{"start":{"line":77,"column":40},"end":{"line":77,"column":52}}},"20":{"name":"(anonymous_20)","line":79,"loc":{"start":{"line":79,"column":49},"end":{"line":79,"column":61}}},"21":{"name":"(anonymous_21)","line":84,"loc":{"start":{"line":84,"column":53},"end":{"line":84,"column":65}}},"22":{"name":"(anonymous_22)","line":91,"loc":{"start":{"line":91,"column":54},"end":{"line":91,"column":66}}},"23":{"name":"(anonymous_23)","line":92,"loc":{"start":{"line":92,"column":39},"end":{"line":92,"column":51}}},"24":{"name":"(anonymous_24)","line":97,"loc":{"start":{"line":97,"column":39},"end":{"line":97,"column":51}}},"25":{"name":"(anonymous_25)","line":102,"loc":{"start":{"line":102,"column":38},"end":{"line":102,"column":50}}},"26":{"name":"(anonymous_26)","line":106,"loc":{"start":{"line":106,"column":34},"end":{"line":106,"column":46}}},"27":{"name":"(anonymous_27)","line":110,"loc":{"start":{"line":110,"column":34},"end":{"line":110,"column":46}}},"28":{"name":"(anonymous_28)","line":114,"loc":{"start":{"line":114,"column":41},"end":{"line":114,"column":53}}}},"statementMap":{"1":{"start":{"line":1,"column":1},"end":{"line":1,"column":32}},"2":{"start":{"line":2,"column":0},"end":{"line":2,"column":36}},"3":{"start":{"line":3,"column":0},"end":{"line":3,"column":43}},"4":{"start":{"line":5,"column":0},"end":{"line":5,"column":57}},"5":{"start":{"line":7,"column":0},"end":{"line":121,"column":3}},"6":{"start":{"line":8,"column":4},"end":{"line":12,"column":7}},"7":{"start":{"line":9,"column":8},"end":{"line":11,"column":11}},"8":{"start":{"line":10,"column":12},"end":{"line":10,"column":48}},"9":{"start":{"line":15,"column":4},"end":{"line":19,"column":7}},"10":{"start":{"line":16,"column":8},"end":{"line":18,"column":11}},"11":{"start":{"line":17,"column":12},"end":{"line":17,"column":48}},"12":{"start":{"line":21,"column":4},"end":{"line":37,"column":7}},"13":{"start":{"line":22,"column":8},"end":{"line":24,"column":11}},"14":{"start":{"line":23,"column":12},"end":{"line":23,"column":56}},"15":{"start":{"line":26,"column":8},"end":{"line":28,"column":11}},"16":{"start":{"line":27,"column":12},"end":{"line":27,"column":53}},"17":{"start":{"line":30,"column":8},"end":{"line":32,"column":11}},"18":{"start":{"line":31,"column":12},"end":{"line":31,"column":54}},"19":{"start":{"line":34,"column":8},"end":{"line":36,"column":11}},"20":{"start":{"line":35,"column":12},"end":{"line":35,"column":53}},"21":{"start":{"line":39,"column":4},"end":{"line":50,"column":7}},"22":{"start":{"line":40,"column":8},"end":{"line":43,"column":11}},"23":{"start":{"line":41,"column":12},"end":{"line":41,"column":41}},"24":{"start":{"line":42,"column":12},"end":{"line":42,"column":62}},"25":{"start":{"line":45,"column":8},"end":{"line":48,"column":11}},"26":{"start":{"line":46,"column":12},"end":{"line":46,"column":41}},"27":{"start":{"line":47,"column":12},"end":{"line":47,"column":66}},"28":{"start":{"line":52,"column":4},"end":{"line":75,"column":7}},"29":{"start":{"line":53,"column":8},"end":{"line":56,"column":11}},"30":{"start":{"line":54,"column":12},"end":{"line":54,"column":30}},"31":{"start":{"line":55,"column":12},"end":{"line":55,"column":62}},"32":{"start":{"line":58,"column":8},"end":{"line":61,"column":11}},"33":{"start":{"line":59,"column":12},"end":{"line":59,"column":30}},"34":{"start":{"line":60,"column":12},"end":{"line":60,"column":66}},"35":{"start":{"line":63,"column":8},"end":{"line":67,"column":11}},"36":{"start":{"line":64,"column":12},"end":{"line":64,"column":30}},"37":{"start":{"line":65,"column":12},"end":{"line":65,"column":30}},"38":{"start":{"line":66,"column":12},"end":{"line":66,"column":62}},"39":{"start":{"line":69,"column":8},"end":{"line":73,"column":11}},"40":{"start":{"line":70,"column":12},"end":{"line":70,"column":30}},"41":{"start":{"line":71,"column":12},"end":{"line":71,"column":30}},"42":{"start":{"line":72,"column":12},"end":{"line":72,"column":66}},"43":{"start":{"line":77,"column":4},"end":{"line":89,"column":7}},"44":{"start":{"line":79,"column":8},"end":{"line":82,"column":10}},"45":{"start":{"line":80,"column":12},"end":{"line":80,"column":42}},"46":{"start":{"line":81,"column":12},"end":{"line":81,"column":61}},"47":{"start":{"line":84,"column":8},"end":{"line":87,"column":10}},"48":{"start":{"line":85,"column":12},"end":{"line":85,"column":42}},"49":{"start":{"line":86,"column":12},"end":{"line":86,"column":65}},"50":{"start":{"line":91,"column":4},"end":{"line":117,"column":7}},"51":{"start":{"line":92,"column":8},"end":{"line":95,"column":11}},"52":{"start":{"line":93,"column":12},"end":{"line":93,"column":39}},"53":{"start":{"line":94,"column":12},"end":{"line":94,"column":48}},"54":{"start":{"line":97,"column":8},"end":{"line":100,"column":11}},"55":{"start":{"line":99,"column":12},"end":{"line":99,"column":48}},"56":{"start":{"line":102,"column":8},"end":{"line":104,"column":11}},"57":{"start":{"line":103,"column":12},"end":{"line":103,"column":59}},"58":{"start":{"line":106,"column":8},"end":{"line":108,"column":11}},"59":{"start":{"line":107,"column":12},"end":{"line":107,"column":55}},"60":{"start":{"line":110,"column":8},"end":{"line":112,"column":11}},"61":{"start":{"line":111,"column":12},"end":{"line":111,"column":55}},"62":{"start":{"line":114,"column":8},"end":{"line":116,"column":11}},"63":{"start":{"line":115,"column":12},"end":{"line":115,"column":61}}},"branchMap":{}}}