TN:
SF:c:\Users\li\Documents\GitHub\Asteroids\test\test.js
FN:7,(anonymous_1)
FN:8,(anonymous_2)
FN:9,(anonymous_3)
FN:15,(anonymous_4)
FN:16,(anonymous_5)
FN:21,(anonymous_6)
FN:22,(anonymous_7)
FN:26,(anonymous_8)
FN:30,(anonymous_9)
FN:34,(anonymous_10)
FN:39,(anonymous_11)
FN:40,(anonymous_12)
FN:45,(anonymous_13)
FN:52,(anonymous_14)
FN:53,(anonymous_15)
FN:58,(anonymous_16)
FN:63,(anonymous_17)
FN:69,(anonymous_18)
FN:77,(anonymous_19)
FN:79,(anonymous_20)
FN:84,(anonymous_21)
FN:91,(anonymous_22)
FN:92,(anonymous_23)
FN:97,(anonymous_24)
FN:102,(anonymous_25)
FN:106,(anonymous_26)
FN:110,(anonymous_27)
FN:114,(anonymous_28)
FNF:28
FNH:0
FNDA:0,(anonymous_1)
FNDA:0,(anonymous_2)
FNDA:0,(anonymous_3)
FNDA:0,(anonymous_4)
FNDA:0,(anonymous_5)
FNDA:0,(anonymous_6)
FNDA:0,(anonymous_7)
FNDA:0,(anonymous_8)
FNDA:0,(anonymous_9)
FNDA:0,(anonymous_10)
FNDA:0,(anonymous_11)
FNDA:0,(anonymous_12)
FNDA:0,(anonymous_13)
FNDA:0,(anonymous_14)
FNDA:0,(anonymous_15)
FNDA:0,(anonymous_16)
FNDA:0,(anonymous_17)
FNDA:0,(anonymous_18)
FNDA:0,(anonymous_19)
FNDA:0,(anonymous_20)
FNDA:0,(anonymous_21)
FNDA:0,(anonymous_22)
FNDA:0,(anonymous_23)
FNDA:0,(anonymous_24)
FNDA:0,(anonymous_25)
FNDA:0,(anonymous_26)
FNDA:0,(anonymous_27)
FNDA:0,(anonymous_28)
DA:1,1
DA:2,1
DA:3,1
DA:5,1
DA:7,1
DA:8,0
DA:9,0
DA:10,0
DA:15,0
DA:16,0
DA:17,0
DA:21,0
DA:22,0
DA:23,0
DA:26,0
DA:27,0
DA:30,0
DA:31,0
DA:34,0
DA:35,0
DA:39,0
DA:40,0
DA:41,0
DA:42,0
DA:45,0
DA:46,0
DA:47,0
DA:52,0
DA:53,0
DA:54,0
DA:55,0
DA:58,0
DA:59,0
DA:60,0
DA:63,0
DA:64,0
DA:65,0
DA:66,0
DA:69,0
DA:70,0
DA:71,0
DA:72,0
DA:77,0
DA:79,0
DA:80,0
DA:81,0
DA:84,0
DA:85,0
DA:86,0
DA:91,0
DA:92,0
DA:93,0
DA:94,0
DA:97,0
DA:99,0
DA:102,0
DA:103,0
DA:106,0
DA:107,0
DA:110,0
DA:111,0
DA:114,0
DA:115,0
LF:63
LH:5
BRF:0
BRH:0
end_of_record
