{"c:\\Users\\li\\Documents\\GitHub\\Asteroids\\spaceship.js":{"path":"c:\\Users\\li\\Documents\\GitHub\\Asteroids\\spaceship.js","s":{"1":1,"2":21,"3":21,"4":21,"5":21,"6":21,"7":21,"8":21,"9":21,"10":21,"11":21,"12":21,"13":21,"14":1,"15":21,"16":1,"17":21,"18":2,"19":21,"20":2,"21":21,"22":3,"23":21,"24":1,"25":21,"26":1,"27":21,"28":1,"29":21,"30":1,"31":21,"32":7,"33":21,"34":0,"35":21,"36":0,"37":21,"38":3,"39":3,"40":21,"41":4,"42":4,"43":21,"44":2,"45":21,"46":2,"47":2,"48":2,"49":21,"50":0,"51":21,"52":0,"53":21,"54":7,"55":21,"56":0,"57":21,"58":0,"59":21,"60":0,"61":0,"62":0,"63":0,"64":0,"65":21,"66":1,"67":1,"68":1,"69":1,"70":1,"71":1,"72":1},"b":{"1":[0,0],"2":[0,0]},"f":{"1":21,"2":1,"3":1,"4":2,"5":2,"6":3,"7":1,"8":1,"9":1,"10":1,"11":7,"12":0,"13":0,"14":3,"15":4,"16":2,"17":2,"18":0,"19":0,"20":7,"21":0,"22":0,"23":0,"24":1},"fnMap":{"1":{"name":"spaceship","line":1,"loc":{"start":{"line":1,"column":17},"end":{"line":1,"column":58}}},"2":{"name":"(anonymous_2)","line":29,"loc":{"start":{"line":29,"column":21},"end":{"line":29,"column":33}}},"3":{"name":"(anonymous_3)","line":33,"loc":{"start":{"line":33,"column":21},"end":{"line":33,"column":33}}},"4":{"name":"(anonymous_4)","line":37,"loc":{"start":{"line":37,"column":16},"end":{"line":37,"column":28}}},"5":{"name":"(anonymous_5)","line":41,"loc":{"start":{"line":41,"column":16},"end":{"line":41,"column":28}}},"6":{"name":"(anonymous_6)","line":45,"loc":{"start":{"line":45,"column":28},"end":{"line":45,"column":40}}},"7":{"name":"(anonymous_7)","line":49,"loc":{"start":{"line":49,"column":22},"end":{"line":49,"column":34}}},"8":{"name":"(anonymous_8)","line":53,"loc":{"start":{"line":53,"column":19},"end":{"line":53,"column":31}}},"9":{"name":"(anonymous_9)","line":57,"loc":{"start":{"line":57,"column":20},"end":{"line":57,"column":32}}},"10":{"name":"(anonymous_10)","line":61,"loc":{"start":{"line":61,"column":19},"end":{"line":61,"column":31}}},"11":{"name":"(anonymous_11)","line":65,"loc":{"start":{"line":65,"column":18},"end":{"line":65,"column":30}}},"12":{"name":"(anonymous_12)","line":70,"loc":{"start":{"line":70,"column":21},"end":{"line":70,"column":38}}},"13":{"name":"(anonymous_13)","line":74,"loc":{"start":{"line":74,"column":21},"end":{"line":74,"column":42}}},"14":{"name":"(anonymous_14)","line":78,"loc":{"start":{"line":78,"column":16},"end":{"line":78,"column":32}}},"15":{"name":"(anonymous_15)","line":83,"loc":{"start":{"line":83,"column":16},"end":{"line":83,"column":32}}},"16":{"name":"(anonymous_16)","line":88,"loc":{"start":{"line":88,"column":28},"end":{"line":88,"column":48}}},"17":{"name":"(anonymous_17)","line":92,"loc":{"start":{"line":92,"column":23},"end":{"line":92,"column":39}}},"18":{"name":"(anonymous_18)","line":100,"loc":{"start":{"line":100,"column":31},"end":{"line":100,"column":46}}},"19":{"name":"(anonymous_19)","line":104,"loc":{"start":{"line":104,"column":31},"end":{"line":104,"column":46}}},"20":{"name":"(anonymous_20)","line":110,"loc":{"start":{"line":110,"column":21},"end":{"line":110,"column":33}}},"21":{"name":"(anonymous_21)","line":116,"loc":{"start":{"line":116,"column":25},"end":{"line":116,"column":37}}},"22":{"name":"(anonymous_22)","line":120,"loc":{"start":{"line":120,"column":23},"end":{"line":120,"column":35}}},"23":{"name":"(anonymous_23)","line":124,"loc":{"start":{"line":124,"column":25},"end":{"line":124,"column":37}}},"24":{"name":"(anonymous_24)","line":136,"loc":{"start":{"line":136,"column":21},"end":{"line":136,"column":36}}}},"statementMap":{"1":{"start":{"line":1,"column":1},"end":{"line":144,"column":2}},"2":{"start":{"line":4,"column":4},"end":{"line":4,"column":15}},"3":{"start":{"line":5,"column":4},"end":{"line":5,"column":15}},"4":{"start":{"line":8,"column":4},"end":{"line":8,"column":22}},"5":{"start":{"line":11,"column":4},"end":{"line":11,"column":26}},"6":{"start":{"line":14,"column":4},"end":{"line":14,"column":28}},"7":{"start":{"line":17,"column":4},"end":{"line":17,"column":37}},"8":{"start":{"line":18,"column":4},"end":{"line":18,"column":34}},"9":{"start":{"line":19,"column":4},"end":{"line":19,"column":35}},"10":{"start":{"line":20,"column":4},"end":{"line":20,"column":34}},"11":{"start":{"line":23,"column":4},"end":{"line":23,"column":22}},"12":{"start":{"line":24,"column":4},"end":{"line":24,"column":22}},"13":{"start":{"line":29,"column":4},"end":{"line":31,"column":5}},"14":{"start":{"line":30,"column":8},"end":{"line":30,"column":27}},"15":{"start":{"line":33,"column":4},"end":{"line":35,"column":5}},"16":{"start":{"line":34,"column":8},"end":{"line":34,"column":27}},"17":{"start":{"line":37,"column":4},"end":{"line":39,"column":5}},"18":{"start":{"line":38,"column":8},"end":{"line":38,"column":22}},"19":{"start":{"line":41,"column":4},"end":{"line":43,"column":5}},"20":{"start":{"line":42,"column":8},"end":{"line":42,"column":22}},"21":{"start":{"line":45,"column":4},"end":{"line":47,"column":5}},"22":{"start":{"line":46,"column":8},"end":{"line":46,"column":34}},"23":{"start":{"line":49,"column":4},"end":{"line":51,"column":5}},"24":{"start":{"line":50,"column":8},"end":{"line":50,"column":28}},"25":{"start":{"line":53,"column":4},"end":{"line":55,"column":5}},"26":{"start":{"line":54,"column":8},"end":{"line":54,"column":25}},"27":{"start":{"line":57,"column":4},"end":{"line":59,"column":5}},"28":{"start":{"line":58,"column":8},"end":{"line":58,"column":26}},"29":{"start":{"line":61,"column":4},"end":{"line":63,"column":5}},"30":{"start":{"line":62,"column":8},"end":{"line":62,"column":25}},"31":{"start":{"line":65,"column":4},"end":{"line":67,"column":5}},"32":{"start":{"line":66,"column":8},"end":{"line":66,"column":24}},"33":{"start":{"line":70,"column":4},"end":{"line":72,"column":5}},"34":{"start":{"line":71,"column":8},"end":{"line":71,"column":25}},"35":{"start":{"line":74,"column":4},"end":{"line":76,"column":5}},"36":{"start":{"line":75,"column":8},"end":{"line":75,"column":32}},"37":{"start":{"line":78,"column":4},"end":{"line":81,"column":5}},"38":{"start":{"line":79,"column":8},"end":{"line":79,"column":22}},"39":{"start":{"line":80,"column":8},"end":{"line":80,"column":25}},"40":{"start":{"line":83,"column":4},"end":{"line":86,"column":5}},"41":{"start":{"line":84,"column":8},"end":{"line":84,"column":22}},"42":{"start":{"line":85,"column":8},"end":{"line":85,"column":25}},"43":{"start":{"line":88,"column":4},"end":{"line":90,"column":5}},"44":{"start":{"line":89,"column":8},"end":{"line":89,"column":38}},"45":{"start":{"line":92,"column":4},"end":{"line":96,"column":5}},"46":{"start":{"line":93,"column":8},"end":{"line":93,"column":26}},"47":{"start":{"line":94,"column":8},"end":{"line":94,"column":19}},"48":{"start":{"line":95,"column":8},"end":{"line":95,"column":19}},"49":{"start":{"line":100,"column":4},"end":{"line":102,"column":5}},"50":{"start":{"line":101,"column":8},"end":{"line":101,"column":35}},"51":{"start":{"line":104,"column":4},"end":{"line":106,"column":5}},"52":{"start":{"line":105,"column":8},"end":{"line":105,"column":35}},"53":{"start":{"line":110,"column":4},"end":{"line":112,"column":5}},"54":{"start":{"line":111,"column":8},"end":{"line":111,"column":36}},"55":{"start":{"line":116,"column":4},"end":{"line":118,"column":5}},"56":{"start":{"line":117,"column":8},"end":{"line":117,"column":54}},"57":{"start":{"line":120,"column":4},"end":{"line":122,"column":5}},"58":{"start":{"line":121,"column":8},"end":{"line":121,"column":122}},"59":{"start":{"line":124,"column":4},"end":{"line":132,"column":5}},"60":{"start":{"line":125,"column":8},"end":{"line":131,"column":9}},"61":{"start":{"line":126,"column":12},"end":{"line":126,"column":51}},"62":{"start":{"line":127,"column":15},"end":{"line":131,"column":9}},"63":{"start":{"line":128,"column":12},"end":{"line":128,"column":57}},"64":{"start":{"line":130,"column":12},"end":{"line":130,"column":57}},"65":{"start":{"line":136,"column":4},"end":{"line":143,"column":5}},"66":{"start":{"line":137,"column":8},"end":{"line":137,"column":24}},"67":{"start":{"line":138,"column":8},"end":{"line":138,"column":24}},"68":{"start":{"line":139,"column":8},"end":{"line":139,"column":23}},"69":{"start":{"line":140,"column":8},"end":{"line":140,"column":26}},"70":{"start":{"line":141,"column":8},"end":{"line":141,"column":26}},"71":{"start":{"line":142,"column":8},"end":{"line":142,"column":32}},"72":{"start":{"line":146,"column":0},"end":{"line":146,"column":27}}},"branchMap":{"1":{"line":125,"type":"if","locations":[{"start":{"line":125,"column":8},"end":{"line":125,"column":8}},{"start":{"line":125,"column":8},"end":{"line":125,"column":8}}]},"2":{"line":127,"type":"if","locations":[{"start":{"line":127,"column":15},"end":{"line":127,"column":15}},{"start":{"line":127,"column":15},"end":{"line":127,"column":15}}]}}}}