TN:
SF:c:\Users\li\Documents\GitHub\Asteroids\spaceship.js
FN:1,spaceship
FN:29,(anonymous_2)
FN:33,(anonymous_3)
FN:37,(anonymous_4)
FN:41,(anonymous_5)
FN:45,(anonymous_6)
FN:49,(anonymous_7)
FN:53,(anonymous_8)
FN:57,(anonymous_9)
FN:61,(anonymous_10)
FN:65,(anonymous_11)
FN:70,(anonymous_12)
FN:74,(anonymous_13)
FN:78,(anonymous_14)
FN:83,(anonymous_15)
FN:88,(anonymous_16)
FN:92,(anonymous_17)
FN:100,(anonymous_18)
FN:104,(anonymous_19)
FN:110,(anonymous_20)
FN:116,(anonymous_21)
FN:120,(anonymous_22)
FN:124,(anonymous_23)
FN:136,(anonymous_24)
FNF:24
FNH:17
FNDA:1,spaceship
FNDA:1,(anonymous_2)
FNDA:1,(anonymous_3)
FNDA:2,(anonymous_4)
FNDA:2,(anonymous_5)
FNDA:3,(anonymous_6)
FNDA:1,(anonymous_7)
FNDA:1,(anonymous_8)
FNDA:1,(anonymous_9)
FNDA:1,(anonymous_10)
FNDA:7,(anonymous_11)
FNDA:0,(anonymous_12)
FNDA:0,(anonymous_13)
FNDA:2,(anonymous_14)
FNDA:4,(anonymous_15)
FNDA:2,(anonymous_16)
FNDA:2,(anonymous_17)
FNDA:0,(anonymous_18)
FNDA:0,(anonymous_19)
FNDA:6,(anonymous_20)
FNDA:0,(anonymous_21)
FNDA:0,(anonymous_22)
FNDA:0,(anonymous_23)
FNDA:1,(anonymous_24)
DA:1,1
DA:4,1
DA:5,1
DA:8,1
DA:11,1
DA:14,1
DA:17,1
DA:18,1
DA:19,1
DA:20,1
DA:23,1
DA:24,1
DA:29,1
DA:30,1
DA:33,1
DA:34,1
DA:37,1
DA:38,2
DA:41,1
DA:42,2
DA:45,1
DA:46,3
DA:49,1
DA:50,1
DA:53,1
DA:54,1
DA:57,1
DA:58,1
DA:61,1
DA:62,1
DA:65,1
DA:66,7
DA:70,1
DA:71,0
DA:74,1
DA:75,0
DA:78,1
DA:79,2
DA:80,2
DA:83,1
DA:84,4
DA:85,4
DA:88,1
DA:89,2
DA:92,1
DA:93,2
DA:94,2
DA:95,2
DA:100,1
DA:101,0
DA:104,1
DA:105,0
DA:110,1
DA:111,6
DA:116,1
DA:117,0
DA:120,1
DA:121,0
DA:124,1
DA:125,0
DA:126,0
DA:127,0
DA:128,0
DA:130,0
DA:136,1
DA:137,1
DA:138,1
DA:139,1
DA:140,1
DA:141,1
DA:142,1
DA:146,1
LF:72
LH:61
BRDA:125,1,0,0
BRDA:125,1,1,0
BRDA:127,2,0,0
BRDA:127,2,1,0
BRF:4
BRH:0
end_of_record
